<?xml version="1.0" encoding="UTF-8"?>
<!-- Generated by org.testng.reporters.JUnitReportReporter -->
<testsuite hostname="DESKTOP-DAMOLQO" failures="0" tests="1" name="API.BasicAPITesting" time="10.107" errors="0" timestamp="2023-10-28T11:35:48 IST" skipped="0">
  <testcase classname="API.BasicAPITesting" name="GetUsage" time="10.107"/>
</testsuite> <!-- API.BasicAPITesting -->
